<?xml version="1.0" encoding="UTF-8"?>
<testng-results ignored="0" total="1" passed="1" failed="0" skipped="0">
  <reporter-output>
  </reporter-output>
  <suite started-at="2024-12-16T11:56:31 IST" name="Default suite" finished-at="2024-12-16T11:56:38 IST" duration-ms="7555">
    <groups>
    </groups>
    <test started-at="2024-12-16T11:56:31 IST" name="Default test" finished-at="2024-12-16T11:56:38 IST" duration-ms="7555">
      <class name="demo.SampleTest">
        <test-method signature="sampleTest()[pri:0, instance:demo.SampleTest@15bb5034]" started-at="2024-12-16T11:56:31 IST" name="sampleTest" finished-at="2024-12-16T11:56:38 IST" duration-ms="7502" status="PASS">
          <reporter-output>
          </reporter-output>
        </test-method> <!-- sampleTest -->
      </class> <!-- demo.SampleTest -->
    </test> <!-- Default test -->
  </suite> <!-- Default suite -->
</testng-results>
